<?xml version="1.0" encoding="UTF-8"?>
<TestRun id="9bd62363-98d1-4cd5-be77-810a5d820ca0" name="adushelubov@DEV08 2013-03-07 13:05:23" runUser="WSS\adushelubov" xmlns="http://microsoft.com/schemas/VisualStudio/TeamTest/2010">
  <TestSettings name="Local" id="da9d052f-18f4-4be3-8cdf-aa983ac886ec">
    <Description>These are default test settings for a local test run.</Description>
    <Deployment enabled="false" runDeploymentRoot="adushelubov_DEV08 2013-03-07 13_05_23">
      <DeploymentItem filename="C:\Users\adushelubov\documents\visual studio 2010\Projects\PluginsCore\PluginsCore\bin\Debug\PluginsCore.dll" />
    </Deployment>
    <Execution>
      <TestTypeSpecific />
      <AgentRule name="Execution Agents">
      </AgentRule>
    </Execution>
  </TestSettings>
  <Times creation="2013-03-07T13:05:23.8556963+04:00" queuing="2013-03-07T13:05:24.8113775+04:00" start="2013-03-07T13:05:24.9324503+04:00" finish="2013-03-07T13:05:32.9232551+04:00" />
  <ResultSummary outcome="Error">
    <Counters total="2" executed="1" error="0" failed="0" timeout="0" aborted="1" inconclusive="0" passedButRunAborted="0" notRunnable="0" notExecuted="1" disconnected="0" warning="0" passed="0" completed="0" inProgress="0" pending="0" />
    <RunInfos>
      <RunInfo computerName="DEV08" outcome="Error" timestamp="2013-03-07T13:05:32.9222627+04:00">
        <Text>Test host process exited unexpectedly.</Text>
      </RunInfo>
    </RunInfos>
  </ResultSummary>
  <TestDefinitions>
    <UnitTest name="TestCore" storage="c:\users\adushelubov\documents\visual studio 2010\projects\pluginscore\unittesting\bin\debug\unittesting.dll" id="61526077-1894-0bfc-fbe3-5a0b1509afe4">
      <Execution id="f5ee71ce-5476-415e-8862-de89337fd3d8" />
      <TestMethod codeBase="C:/Users/adushelubov/documents/visual studio 2010/Projects/PluginsCore/UnitTesting/bin/Debug/UnitTesting.DLL" adapterTypeName="Microsoft.VisualStudio.TestTools.TestTypes.Unit.UnitTestAdapter, Microsoft.VisualStudio.QualityTools.Tips.UnitTest.Adapter, Version=10.0.0.0, Culture=neutral, PublicKeyToken=b03f5f7f11d50a3a" className="UnitTesting.CommonTestCore, UnitTesting, Version=1.0.0.0, Culture=neutral, PublicKeyToken=null" name="TestCore" />
    </UnitTest>
    <OrderedTest name="orderedtest1" storage="c:\users\adushelubov\documents\visual studio 2010\projects\pluginscore\unittesting\orderedtest1.orderedtest" id="49371313-e213-4c46-984f-3724815646cc">
      <Execution id="5277b22a-28e4-47d9-b423-e703b85ce066" />
    </OrderedTest>
  </TestDefinitions>
  <TestLists>
    <TestList name="Results Not in a List" id="8c84fa94-04c1-424b-9868-57a2d4851a1d" />
    <TestList name="All Loaded Results" id="19431567-8539-422a-85d7-44ee4e166bda" />
  </TestLists>
  <TestEntries>
    <TestEntry testId="61526077-1894-0bfc-fbe3-5a0b1509afe4" executionId="f5ee71ce-5476-415e-8862-de89337fd3d8" testListId="8c84fa94-04c1-424b-9868-57a2d4851a1d" />
    <TestEntry isTransparent="false" testId="49371313-e213-4c46-984f-3724815646cc" executionId="5277b22a-28e4-47d9-b423-e703b85ce066" testListId="8c84fa94-04c1-424b-9868-57a2d4851a1d" />
  </TestEntries>
  <Results>
    <UnitTestResult executionId="f5ee71ce-5476-415e-8862-de89337fd3d8" testId="61526077-1894-0bfc-fbe3-5a0b1509afe4" testName="TestCore" computerName="DEV08" duration="00:00:07.8915648" startTime="2013-03-07T13:05:25.0316903+04:00" endTime="2013-03-07T13:05:32.9232551+04:00" testType="13cdc9d9-ddb5-4fa4-a97d-d965ccfc6d4b" outcome="Aborted" testListId="8c84fa94-04c1-424b-9868-57a2d4851a1d" relativeResultsDirectory="f5ee71ce-5476-415e-8862-de89337fd3d8">
    </UnitTestResult>
    <TestResultAggregation executionId="5277b22a-28e4-47d9-b423-e703b85ce066" testId="49371313-e213-4c46-984f-3724815646cc" testName="orderedtest1" computerName="DEV08" testType="ec4800e8-40e5-4ab3-8510-b8bf29b1904d" outcome="NotExecuted" testListId="8c84fa94-04c1-424b-9868-57a2d4851a1d" relativeResultsDirectory="5277b22a-28e4-47d9-b423-e703b85ce066">
    </TestResultAggregation>
  </Results>
</TestRun>