<?xml version="1.0" encoding="UTF-8"?>
<TestRun id="4a661164-b8ce-4886-96f5-9fc6f786827d" name="adushelubov@DEV08 2013-03-07 13:29:56" runUser="WSS\adushelubov" xmlns="http://microsoft.com/schemas/VisualStudio/TeamTest/2010">
  <TestSettings name="Local" id="da9d052f-18f4-4be3-8cdf-aa983ac886ec">
    <Description>These are default test settings for a local test run.</Description>
    <Deployment enabled="false" runDeploymentRoot="adushelubov_DEV08 2013-03-07 13_29_56">
      <DeploymentItem filename="C:\Users\adushelubov\documents\visual studio 2010\Projects\PluginsCore\PluginsCore\bin\Debug\PluginsCore.dll" />
    </Deployment>
    <Execution>
      <TestTypeSpecific />
      <AgentRule name="Execution Agents">
      </AgentRule>
    </Execution>
  </TestSettings>
  <Times creation="2013-03-07T13:29:56.9936067+04:00" queuing="2013-03-07T13:29:57.8440731+04:00" start="2013-03-07T13:29:57.9538751+04:00" finish="2013-03-07T13:30:04.9991707+04:00" />
  <ResultSummary outcome="Error">
    <Counters total="2" executed="1" error="0" failed="0" timeout="0" aborted="1" inconclusive="0" passedButRunAborted="0" notRunnable="0" notExecuted="1" disconnected="0" warning="0" passed="0" completed="0" inProgress="0" pending="0" />
    <RunInfos>
      <RunInfo computerName="DEV08" outcome="Error" timestamp="2013-03-07T13:30:04.9981725+04:00">
        <Text>Test host process exited unexpectedly.</Text>
      </RunInfo>
    </RunInfos>
  </ResultSummary>
  <TestDefinitions>
    <UnitTest name="TestCore" storage="c:\users\adushelubov\documents\visual studio 2010\projects\pluginscore\unittesting\bin\debug\unittesting.dll" id="61526077-1894-0bfc-fbe3-5a0b1509afe4">
      <Execution id="0c123eba-1345-4609-a0da-ca9c402276bd" />
      <TestMethod codeBase="C:/Users/adushelubov/documents/visual studio 2010/Projects/PluginsCore/UnitTesting/bin/Debug/UnitTesting.DLL" adapterTypeName="Microsoft.VisualStudio.TestTools.TestTypes.Unit.UnitTestAdapter, Microsoft.VisualStudio.QualityTools.Tips.UnitTest.Adapter, Version=10.0.0.0, Culture=neutral, PublicKeyToken=b03f5f7f11d50a3a" className="UnitTesting.CommonTestCore, UnitTesting, Version=1.0.0.0, Culture=neutral, PublicKeyToken=null" name="TestCore" />
    </UnitTest>
    <OrderedTest name="orderedtest1" storage="c:\users\adushelubov\documents\visual studio 2010\projects\pluginscore\unittesting\orderedtest1.orderedtest" id="49371313-e213-4c46-984f-3724815646cc">
      <Execution id="34c5d3c4-fb0a-49e7-960b-d9373241eebf" />
    </OrderedTest>
  </TestDefinitions>
  <TestLists>
    <TestList name="Results Not in a List" id="8c84fa94-04c1-424b-9868-57a2d4851a1d" />
    <TestList name="All Loaded Results" id="19431567-8539-422a-85d7-44ee4e166bda" />
  </TestLists>
  <TestEntries>
    <TestEntry testId="61526077-1894-0bfc-fbe3-5a0b1509afe4" executionId="0c123eba-1345-4609-a0da-ca9c402276bd" testListId="8c84fa94-04c1-424b-9868-57a2d4851a1d" />
    <TestEntry isTransparent="false" testId="49371313-e213-4c46-984f-3724815646cc" executionId="34c5d3c4-fb0a-49e7-960b-d9373241eebf" testListId="8c84fa94-04c1-424b-9868-57a2d4851a1d" />
  </TestEntries>
  <Results>
    <UnitTestResult executionId="0c123eba-1345-4609-a0da-ca9c402276bd" testId="61526077-1894-0bfc-fbe3-5a0b1509afe4" testName="TestCore" computerName="DEV08" duration="00:00:06.9444774" startTime="2013-03-07T13:29:58.0546933+04:00" endTime="2013-03-07T13:30:04.9991707+04:00" testType="13cdc9d9-ddb5-4fa4-a97d-d965ccfc6d4b" outcome="Aborted" testListId="8c84fa94-04c1-424b-9868-57a2d4851a1d" relativeResultsDirectory="0c123eba-1345-4609-a0da-ca9c402276bd">
    </UnitTestResult>
    <TestResultAggregation executionId="34c5d3c4-fb0a-49e7-960b-d9373241eebf" testId="49371313-e213-4c46-984f-3724815646cc" testName="orderedtest1" computerName="DEV08" testType="ec4800e8-40e5-4ab3-8510-b8bf29b1904d" outcome="NotExecuted" testListId="8c84fa94-04c1-424b-9868-57a2d4851a1d" relativeResultsDirectory="34c5d3c4-fb0a-49e7-960b-d9373241eebf">
    </TestResultAggregation>
  </Results>
</TestRun>